This file contains any messages produced by compilers while
running configure, to aid debugging if configure makes a mistake.

It was created by configure, which was
generated by GNU Autoconf 2.57.  Invocation command line was

  $ ./configure --host=arm-none-linux-gnueabi

## --------- ##
## Platform. ##
## --------- ##

hostname = xxha-PAF4
uname -m = i686
uname -r = 3.5.0-28-generic
uname -s = Linux
uname -v = #47-Ubuntu SMP Tue Apr 9 18:58:12 UTC 2013

/usr/bin/uname -p = unknown
/bin/uname -X     = unknown

/bin/arch              = unknown
/usr/bin/arch -k       = unknown
/usr/convex/getsysinfo = unknown
hostinfo               = unknown
/bin/machine           = unknown
/usr/bin/oslevel       = unknown
/bin/universe          = unknown

PATH: /home/xxha/.rbenv/shims
PATH: /home/xxha/.rbenv/bin
PATH: /usr/local/sbin
PATH: /usr/local/bin
PATH: /usr/sbin
PATH: /usr/bin
PATH: /sbin
PATH: /bin
PATH: /usr/games
PATH: /usr/local/games
PATH: /home/xxha/cross_compile/gcc-4.1.2-glibc-2.5-nptl-3/arm-none-linux-gnueabi/bin/
PATH: /home/xxha/veex/igm/cross-tools/powerpc-860-linux-gnu/bin
PATH: /usr/local/arm/3.4.1/bin
PATH: /home/xxha/veex/tx300s/cross-tools/arm-fsl-linux-gnueabi/bin


## ----------- ##
## Core tests. ##
## ----------- ##

configure:1312: checking build system type
configure:1330: result: i686-pc-linux-gnu
configure:1338: checking host system type
configure:1352: result: arm-none-linux-gnueabi
configure:1360: checking target system type
configure:1374: result: arm-none-linux-gnueabi
configure:1466: checking for arm-none-linux-gnueabi-gcc
configure:1482: found /home/xxha/cross_compile/gcc-4.1.2-glibc-2.5-nptl-3/arm-none-linux-gnueabi/bin//arm-none-linux-gnueabi-gcc
configure:1492: result: arm-none-linux-gnueabi-gcc
configure:1774: checking for C compiler version
configure:1777: arm-none-linux-gnueabi-gcc --version </dev/null >&5
arm-none-linux-gnueabi-gcc (GCC) 4.1.2
Copyright (C) 2006 Free Software Foundation, Inc.
This is free software; see the source for copying conditions.  There is NO
warranty; not even for MERCHANTABILITY or FITNESS FOR A PARTICULAR PURPOSE.

configure:1780: $? = 0
configure:1782: arm-none-linux-gnueabi-gcc -v </dev/null >&5
Using built-in specs.
Target: arm-none-linux-gnueabi
Configured with: /usr/src/redhat/BUILD/cross-mlib/source/gcc-4.1.2/configure --target=arm-none-linux-gnueabi --host=i686-host_pc-linux-gnu --prefix=/opt/freescale/usr/local/gcc-4.1.2-glibc-2.5-nptl-3/arm-none-linux-gnueabi --with-sysroot=/opt/freescale/usr/local/gcc-4.1.2-glibc-2.5-nptl-3/arm-none-linux-gnueabi/arm-none-linux-gnueabi/sysroot --enable-threads --enable-shared --disable-libssp --disable-libgomp --disable-libmudflap --enable-languages=c,c++ --enable-__cxa_atexit --disable-nls
Thread model: posix
gcc version 4.1.2
configure:1785: $? = 0
configure:1787: arm-none-linux-gnueabi-gcc -V </dev/null >&5
arm-none-linux-gnueabi-gcc: '-V' option must have argument
configure:1790: $? = 1
configure:1814: checking for C compiler default output
configure:1817: arm-none-linux-gnueabi-gcc    conftest.c  >&5
configure:1820: $? = 0
configure:1866: result: a.out
configure:1871: checking whether the C compiler works
configure:1877: ./a.out
./configure: line 1878: ./a.out: cannot execute binary file
configure:1880: $? = 126
configure:1897: result: yes
configure:1904: checking whether we are cross compiling
configure:1906: result: yes
configure:1909: checking for suffix of executables
configure:1911: arm-none-linux-gnueabi-gcc -o conftest    conftest.c  >&5
configure:1914: $? = 0
configure:1939: result: 
configure:1945: checking for suffix of object files
configure:1967: arm-none-linux-gnueabi-gcc -c   conftest.c >&5
configure:1970: $? = 0
configure:1992: result: o
configure:1996: checking whether we are using the GNU C compiler
configure:2021: arm-none-linux-gnueabi-gcc -c   conftest.c >&5
configure:2024: $? = 0
configure:2027: test -s conftest.o
configure:2030: $? = 0
configure:2043: result: yes
configure:2049: checking whether arm-none-linux-gnueabi-gcc accepts -g
configure:2071: arm-none-linux-gnueabi-gcc -c -g  conftest.c >&5
configure:2074: $? = 0
configure:2077: test -s conftest.o
configure:2080: $? = 0
configure:2091: result: yes
configure:2108: checking for arm-none-linux-gnueabi-gcc option to accept ANSI C
configure:2169: arm-none-linux-gnueabi-gcc  -c -g -O2  conftest.c >&5
configure:2172: $? = 0
configure:2175: test -s conftest.o
configure:2178: $? = 0
configure:2196: result: none needed
configure:2214: arm-none-linux-gnueabi-gcc -c -g -O2  conftest.c >&5
conftest.c:2: error: expected '=', ',', ';', 'asm' or '__attribute__' before 'me'
configure:2217: $? = 1
configure: failed program was:
| #ifndef __cplusplus
|   choke me
| #endif
configure:2331: checking gcc version
configure:2343: result: 4
configure:2538: checking for inline
configure:2580: arm-none-linux-gnueabi-gcc -c -O2  conftest.c >&5
configure:2583: $? = 0
configure:2586: test -s conftest.o
configure:2589: $? = 0
configure:2609: result: inline
configure:2621: checking for __attribute__
configure:2653: arm-none-linux-gnueabi-gcc -c -g -O2  conftest.c >&5
configure:2656: $? = 0
configure:2659: test -s conftest.o
configure:2662: $? = 0
configure:2684: result: yes
configure:2688: checking for u_int8_t using arm-none-linux-gnueabi-gcc
configure:2716: arm-none-linux-gnueabi-gcc -c -g -O2  conftest.c >&5
configure:2719: $? = 0
configure:2722: test -s conftest.o
configure:2725: $? = 0
configure:2737: result: yes
configure:2746: checking for u_int16_t using arm-none-linux-gnueabi-gcc
configure:2774: arm-none-linux-gnueabi-gcc -c -g -O2  conftest.c >&5
configure:2777: $? = 0
configure:2780: test -s conftest.o
configure:2783: $? = 0
configure:2795: result: yes
configure:2804: checking for u_int32_t using arm-none-linux-gnueabi-gcc
configure:2832: arm-none-linux-gnueabi-gcc -c -g -O2  conftest.c >&5
configure:2835: $? = 0
configure:2838: test -s conftest.o
configure:2841: $? = 0
configure:2853: result: yes
configure:2868: checking how to run the C preprocessor
configure:2904: arm-none-linux-gnueabi-gcc -E  conftest.c
configure:2910: $? = 0
configure:2942: arm-none-linux-gnueabi-gcc -E  conftest.c
configure:2943:28: error: ac_nonexistent.h: No such file or directory
configure:2948: $? = 1
configure: failed program was:
| #line 2933 "configure"
| /* confdefs.h.  */
| 
| #define PACKAGE_NAME ""
| #define PACKAGE_TARNAME ""
| #define PACKAGE_VERSION ""
| #define PACKAGE_STRING ""
| #define PACKAGE_BUGREPORT ""
| #define inline inline
| #define HAVE___ATTRIBUTE__ 1
| /* end confdefs.h.  */
| #include <ac_nonexistent.h>
configure:2986: result: arm-none-linux-gnueabi-gcc -E
configure:3011: arm-none-linux-gnueabi-gcc -E  conftest.c
configure:3017: $? = 0
configure:3049: arm-none-linux-gnueabi-gcc -E  conftest.c
configure:3050:28: error: ac_nonexistent.h: No such file or directory
configure:3055: $? = 1
configure: failed program was:
| #line 3040 "configure"
| /* confdefs.h.  */
| 
| #define PACKAGE_NAME ""
| #define PACKAGE_TARNAME ""
| #define PACKAGE_VERSION ""
| #define PACKAGE_STRING ""
| #define PACKAGE_BUGREPORT ""
| #define inline inline
| #define HAVE___ATTRIBUTE__ 1
| /* end confdefs.h.  */
| #include <ac_nonexistent.h>
configure:3098: checking for egrep
configure:3108: result: grep -E
configure:3113: checking for ANSI C header files
configure:3139: arm-none-linux-gnueabi-gcc -c -g -O2  conftest.c >&5
configure:3142: $? = 0
configure:3145: test -s conftest.o
configure:3148: $? = 0
configure:3263: result: yes
configure:3287: checking for sys/types.h
configure:3304: arm-none-linux-gnueabi-gcc -c -g -O2  conftest.c >&5
configure:3307: $? = 0
configure:3310: test -s conftest.o
configure:3313: $? = 0
configure:3324: result: yes
configure:3287: checking for sys/stat.h
configure:3304: arm-none-linux-gnueabi-gcc -c -g -O2  conftest.c >&5
configure:3307: $? = 0
configure:3310: test -s conftest.o
configure:3313: $? = 0
configure:3324: result: yes
configure:3287: checking for stdlib.h
configure:3304: arm-none-linux-gnueabi-gcc -c -g -O2  conftest.c >&5
configure:3307: $? = 0
configure:3310: test -s conftest.o
configure:3313: $? = 0
configure:3324: result: yes
configure:3287: checking for string.h
configure:3304: arm-none-linux-gnueabi-gcc -c -g -O2  conftest.c >&5
configure:3307: $? = 0
configure:3310: test -s conftest.o
configure:3313: $? = 0
configure:3324: result: yes
configure:3287: checking for memory.h
configure:3304: arm-none-linux-gnueabi-gcc -c -g -O2  conftest.c >&5
configure:3307: $? = 0
configure:3310: test -s conftest.o
configure:3313: $? = 0
configure:3324: result: yes
configure:3287: checking for strings.h
configure:3304: arm-none-linux-gnueabi-gcc -c -g -O2  conftest.c >&5
configure:3307: $? = 0
configure:3310: test -s conftest.o
configure:3313: $? = 0
configure:3324: result: yes
configure:3287: checking for inttypes.h
configure:3304: arm-none-linux-gnueabi-gcc -c -g -O2  conftest.c >&5
configure:3307: $? = 0
configure:3310: test -s conftest.o
configure:3313: $? = 0
configure:3324: result: yes
configure:3287: checking for stdint.h
configure:3304: arm-none-linux-gnueabi-gcc -c -g -O2  conftest.c >&5
configure:3307: $? = 0
configure:3310: test -s conftest.o
configure:3313: $? = 0
configure:3324: result: yes
configure:3287: checking for unistd.h
configure:3304: arm-none-linux-gnueabi-gcc -c -g -O2  conftest.c >&5
configure:3307: $? = 0
configure:3310: test -s conftest.o
configure:3313: $? = 0
configure:3324: result: yes
configure:3352: checking sys/ioccom.h usability
configure:3365: arm-none-linux-gnueabi-gcc -c -g -O2  conftest.c >&5
configure:3408:24: error: sys/ioccom.h: No such file or directory
configure:3368: $? = 1
configure: failed program was:
| #line 3354 "configure"
| /* confdefs.h.  */
| 
| #define PACKAGE_NAME ""
| #define PACKAGE_TARNAME ""
| #define PACKAGE_VERSION ""
| #define PACKAGE_STRING ""
| #define PACKAGE_BUGREPORT ""
| #define inline inline
| #define HAVE___ATTRIBUTE__ 1
| #define STDC_HEADERS 1
| #define HAVE_SYS_TYPES_H 1
| #define HAVE_SYS_STAT_H 1
| #define HAVE_STDLIB_H 1
| #define HAVE_STRING_H 1
| #define HAVE_MEMORY_H 1
| #define HAVE_STRINGS_H 1
| #define HAVE_INTTYPES_H 1
| #define HAVE_STDINT_H 1
| #define HAVE_UNISTD_H 1
| /* end confdefs.h.  */
| #include <stdio.h>
| #if HAVE_SYS_TYPES_H
| # include <sys/types.h>
| #endif
| #if HAVE_SYS_STAT_H
| # include <sys/stat.h>
| #endif
| #if STDC_HEADERS
| # include <stdlib.h>
| # include <stddef.h>
| #else
| # if HAVE_STDLIB_H
| #  include <stdlib.h>
| # endif
| #endif
| #if HAVE_STRING_H
| # if !STDC_HEADERS && HAVE_MEMORY_H
| #  include <memory.h>
| # endif
| # include <string.h>
| #endif
| #if HAVE_STRINGS_H
| # include <strings.h>
| #endif
| #if HAVE_INTTYPES_H
| # include <inttypes.h>
| #else
| # if HAVE_STDINT_H
| #  include <stdint.h>
| # endif
| #endif
| #if HAVE_UNISTD_H
| # include <unistd.h>
| #endif
| #include <sys/ioccom.h>
configure:3384: result: no
configure:3388: checking sys/ioccom.h presence
configure:3399: arm-none-linux-gnueabi-gcc -E  conftest.c
configure:3410:24: error: sys/ioccom.h: No such file or directory
configure:3405: $? = 1
configure: failed program was:
| #line 3390 "configure"
| /* confdefs.h.  */
| 
| #define PACKAGE_NAME ""
| #define PACKAGE_TARNAME ""
| #define PACKAGE_VERSION ""
| #define PACKAGE_STRING ""
| #define PACKAGE_BUGREPORT ""
| #define inline inline
| #define HAVE___ATTRIBUTE__ 1
| #define STDC_HEADERS 1
| #define HAVE_SYS_TYPES_H 1
| #define HAVE_SYS_STAT_H 1
| #define HAVE_STDLIB_H 1
| #define HAVE_STRING_H 1
| #define HAVE_MEMORY_H 1
| #define HAVE_STRINGS_H 1
| #define HAVE_INTTYPES_H 1
| #define HAVE_STDINT_H 1
| #define HAVE_UNISTD_H 1
| /* end confdefs.h.  */
| #include <sys/ioccom.h>
configure:3424: result: no
configure:3460: checking for sys/ioccom.h
configure:3467: result: no
configure:3352: checking sys/sockio.h usability
configure:3365: arm-none-linux-gnueabi-gcc -c -g -O2  conftest.c >&5
configure:3408:24: error: sys/sockio.h: No such file or directory
configure:3368: $? = 1
configure: failed program was:
| #line 3354 "configure"
| /* confdefs.h.  */
| 
| #define PACKAGE_NAME ""
| #define PACKAGE_TARNAME ""
| #define PACKAGE_VERSION ""
| #define PACKAGE_STRING ""
| #define PACKAGE_BUGREPORT ""
| #define inline inline
| #define HAVE___ATTRIBUTE__ 1
| #define STDC_HEADERS 1
| #define HAVE_SYS_TYPES_H 1
| #define HAVE_SYS_STAT_H 1
| #define HAVE_STDLIB_H 1
| #define HAVE_STRING_H 1
| #define HAVE_MEMORY_H 1
| #define HAVE_STRINGS_H 1
| #define HAVE_INTTYPES_H 1
| #define HAVE_STDINT_H 1
| #define HAVE_UNISTD_H 1
| /* end confdefs.h.  */
| #include <stdio.h>
| #if HAVE_SYS_TYPES_H
| # include <sys/types.h>
| #endif
| #if HAVE_SYS_STAT_H
| # include <sys/stat.h>
| #endif
| #if STDC_HEADERS
| # include <stdlib.h>
| # include <stddef.h>
| #else
| # if HAVE_STDLIB_H
| #  include <stdlib.h>
| # endif
| #endif
| #if HAVE_STRING_H
| # if !STDC_HEADERS && HAVE_MEMORY_H
| #  include <memory.h>
| # endif
| # include <string.h>
| #endif
| #if HAVE_STRINGS_H
| # include <strings.h>
| #endif
| #if HAVE_INTTYPES_H
| # include <inttypes.h>
| #else
| # if HAVE_STDINT_H
| #  include <stdint.h>
| # endif
| #endif
| #if HAVE_UNISTD_H
| # include <unistd.h>
| #endif
| #include <sys/sockio.h>
configure:3384: result: no
configure:3388: checking sys/sockio.h presence
configure:3399: arm-none-linux-gnueabi-gcc -E  conftest.c
configure:3410:24: error: sys/sockio.h: No such file or directory
configure:3405: $? = 1
configure: failed program was:
| #line 3390 "configure"
| /* confdefs.h.  */
| 
| #define PACKAGE_NAME ""
| #define PACKAGE_TARNAME ""
| #define PACKAGE_VERSION ""
| #define PACKAGE_STRING ""
| #define PACKAGE_BUGREPORT ""
| #define inline inline
| #define HAVE___ATTRIBUTE__ 1
| #define STDC_HEADERS 1
| #define HAVE_SYS_TYPES_H 1
| #define HAVE_SYS_STAT_H 1
| #define HAVE_STDLIB_H 1
| #define HAVE_STRING_H 1
| #define HAVE_MEMORY_H 1
| #define HAVE_STRINGS_H 1
| #define HAVE_INTTYPES_H 1
| #define HAVE_STDINT_H 1
| #define HAVE_UNISTD_H 1
| /* end confdefs.h.  */
| #include <sys/sockio.h>
configure:3424: result: no
configure:3460: checking for sys/sockio.h
configure:3467: result: no
configure:3352: checking limits.h usability
configure:3365: arm-none-linux-gnueabi-gcc -c -g -O2  conftest.c >&5
configure:3368: $? = 0
configure:3371: test -s conftest.o
configure:3374: $? = 0
configure:3384: result: yes
configure:3388: checking limits.h presence
configure:3399: arm-none-linux-gnueabi-gcc -E  conftest.c
configure:3405: $? = 0
configure:3424: result: yes
configure:3460: checking for limits.h
configure:3467: result: yes
configure:3484: checking for netinet/if_ether.h
configure:3502: arm-none-linux-gnueabi-gcc -c -g -O2  conftest.c >&5
configure:3505: $? = 0
configure:3508: test -s conftest.o
configure:3511: $? = 0
configure:3522: result: yes
configure:3604: checking for ANSI ioctl definitions
configure:3638: arm-none-linux-gnueabi-gcc -c -g -O2  conftest.c >&5
configure:3641: $? = 0
configure:3644: test -s conftest.o
configure:3647: $? = 0
configure:3659: result: yes
configure:3675: checking for strerror
configure:3725: arm-none-linux-gnueabi-gcc -o conftest -g -O2   conftest.c  >&5
configure:3728: $? = 0
configure:3731: test -s conftest
configure:3734: $? = 0
configure:3745: result: yes
configure:3675: checking for strlcpy
configure:3725: arm-none-linux-gnueabi-gcc -o conftest -g -O2   conftest.c  >&5
/tmp/ccIj5c6H.o: In function `main':
/home/xxha/tools/pcap/libpcap-0.9.4/configure:3738: undefined reference to `strlcpy'
/tmp/ccIj5c6H.o:(.data+0x0): undefined reference to `strlcpy'
collect2: ld returned 1 exit status
configure:3728: $? = 1
configure: failed program was:
| #line 3680 "configure"
| /* confdefs.h.  */
| 
| #define PACKAGE_NAME ""
| #define PACKAGE_TARNAME ""
| #define PACKAGE_VERSION ""
| #define PACKAGE_STRING ""
| #define PACKAGE_BUGREPORT ""
| #define inline inline
| #define HAVE___ATTRIBUTE__ 1
| #define STDC_HEADERS 1
| #define HAVE_SYS_TYPES_H 1
| #define HAVE_SYS_STAT_H 1
| #define HAVE_STDLIB_H 1
| #define HAVE_STRING_H 1
| #define HAVE_MEMORY_H 1
| #define HAVE_STRINGS_H 1
| #define HAVE_INTTYPES_H 1
| #define HAVE_STDINT_H 1
| #define HAVE_UNISTD_H 1
| #define HAVE_LIMITS_H 1
| #define HAVE_NETINET_IF_ETHER_H 1
| #define HAVE_STRERROR 1
| /* end confdefs.h.  */
| /* System header to define __stub macros and hopefully few prototypes,
|     which can conflict with char strlcpy (); below.
|     Prefer <limits.h> to <assert.h> if __STDC__ is defined, since
|     <limits.h> exists even on freestanding compilers.  */
| #ifdef __STDC__
| # include <limits.h>
| #else
| # include <assert.h>
| #endif
| /* Override any gcc2 internal prototype to avoid an error.  */
| #ifdef __cplusplus
| extern "C"
| {
| #endif
| /* We use char because int might match the return type of a gcc2
|    builtin and then its argument prototype would still apply.  */
| char strlcpy ();
| /* The GNU C library defines this for functions which it implements
|     to always fail with ENOSYS.  Some functions are actually named
|     something starting with __ and the normal name is an alias.  */
| #if defined (__stub_strlcpy) || defined (__stub___strlcpy)
| choke me
| #else
| char (*f) () = strlcpy;
| #endif
| #ifdef __cplusplus
| }
| #endif
| 
| int
| main ()
| {
| return f != strlcpy;
|   ;
|   return 0;
| }
configure:3745: result: no
configure:3762: checking for vsnprintf
configure:3812: arm-none-linux-gnueabi-gcc -o conftest -g -O2   conftest.c  >&5
configure:3806: warning: conflicting types for built-in function 'vsnprintf'
configure:3815: $? = 0
configure:3818: test -s conftest
configure:3821: $? = 0
configure:3832: result: yes
configure:3762: checking for snprintf
configure:3812: arm-none-linux-gnueabi-gcc -o conftest -g -O2   conftest.c  >&5
configure:3807: warning: conflicting types for built-in function 'snprintf'
configure:3815: $? = 0
configure:3818: test -s conftest
configure:3821: $? = 0
configure:3832: result: yes
configure:3857: checking for library containing gethostbyname
configure:3888: arm-none-linux-gnueabi-gcc -o conftest -g -O2   conftest.c  >&5
configure:3891: $? = 0
configure:3894: test -s conftest
configure:3897: $? = 0
configure:3956: result: none required
configure:4026: checking for library containing socket
configure:4057: arm-none-linux-gnueabi-gcc -o conftest -g -O2   conftest.c  >&5
configure:4060: $? = 0
configure:4063: test -s conftest
configure:4066: $? = 0
configure:4125: result: none required
configure:4192: checking for library containing putmsg
configure:4223: arm-none-linux-gnueabi-gcc -o conftest -g -O2   conftest.c  >&5
/tmp/cckE8Avi.o: In function `main':
/home/xxha/tools/pcap/libpcap-0.9.4/configure:4235: warning: warning: putmsg is not implemented and will always fail
configure:4226: $? = 0
configure:4229: test -s conftest
configure:4232: $? = 0
configure:4291: result: none required
configure:4315: checking for ether_hostton
configure:4365: arm-none-linux-gnueabi-gcc -o conftest -g -O2   conftest.c  >&5
configure:4368: $? = 0
configure:4371: test -s conftest
configure:4374: $? = 0
configure:4385: result: yes
configure:4403: checking whether ether_hostton is declared
configure:4438: arm-none-linux-gnueabi-gcc -c -g -O2  conftest.c >&5
configure: In function 'main':
configure:4449: error: 'ether_hostton' undeclared (first use in this function)
configure:4449: error: (Each undeclared identifier is reported only once
configure:4449: error: for each function it appears in.)
configure:4441: $? = 1
configure: failed program was:
| #line 4408 "configure"
| /* confdefs.h.  */
| 
| #define PACKAGE_NAME ""
| #define PACKAGE_TARNAME ""
| #define PACKAGE_VERSION ""
| #define PACKAGE_STRING ""
| #define PACKAGE_BUGREPORT ""
| #define inline inline
| #define HAVE___ATTRIBUTE__ 1
| #define STDC_HEADERS 1
| #define HAVE_SYS_TYPES_H 1
| #define HAVE_SYS_STAT_H 1
| #define HAVE_STDLIB_H 1
| #define HAVE_STRING_H 1
| #define HAVE_MEMORY_H 1
| #define HAVE_STRINGS_H 1
| #define HAVE_INTTYPES_H 1
| #define HAVE_STDINT_H 1
| #define HAVE_UNISTD_H 1
| #define HAVE_LIMITS_H 1
| #define HAVE_NETINET_IF_ETHER_H 1
| #define HAVE_STRERROR 1
| #define HAVE_VSNPRINTF 1
| #define HAVE_SNPRINTF 1
| #define HAVE_ETHER_HOSTTON 1
| /* end confdefs.h.  */
| 
| #include <sys/types.h>
| #include <sys/socket.h>
| #include <netinet/in.h>
| #include <arpa/inet.h>
| struct mbuf;
| struct rtentry;
| #include <net/if.h>
| #include <netinet/if_ether.h>
| 
| 
| int
| main ()
| {
| #ifndef ether_hostton
|   char *p = (char *) ether_hostton;
| #endif
| 
|   ;
|   return 0;
| }
configure:4458: result: no
configure:4492: checking netinet/ether.h usability
configure:4505: arm-none-linux-gnueabi-gcc -c -g -O2  conftest.c >&5
configure:4508: $? = 0
configure:4511: test -s conftest.o
configure:4514: $? = 0
configure:4524: result: yes
configure:4528: checking netinet/ether.h presence
configure:4539: arm-none-linux-gnueabi-gcc -E  conftest.c
configure:4545: $? = 0
configure:4564: result: yes
configure:4600: checking for netinet/ether.h
configure:4607: result: yes
configure:4628: checking whether ether_hostton is declared
configure:4656: arm-none-linux-gnueabi-gcc -c -g -O2  conftest.c >&5
configure:4659: $? = 0
configure:4662: test -s conftest.o
configure:4665: $? = 0
configure:4676: result: yes
configure:4778: checking if --disable-protochain option is specified
configure:4798: result: enabled
configure:4812: checking packet capture type
configure:4848: result: linux
configure:4859: checking for getifaddrs
configure:4909: arm-none-linux-gnueabi-gcc -o conftest -g -O2   conftest.c  >&5
configure:4912: $? = 0
configure:4915: test -s conftest
configure:4918: $? = 0
configure:4929: result: yes
configure:4947: checking ifaddrs.h usability
configure:4960: arm-none-linux-gnueabi-gcc -c -g -O2  conftest.c >&5
configure:4963: $? = 0
configure:4966: test -s conftest.o
configure:4969: $? = 0
configure:4979: result: yes
configure:4983: checking ifaddrs.h presence
configure:4994: arm-none-linux-gnueabi-gcc -E  conftest.c
configure:5000: $? = 0
configure:5019: result: yes
configure:5055: checking for ifaddrs.h
configure:5062: result: yes
configure:5181: checking if --enable-ipv6 option is specified
configure:5195: result: no
configure:5198: checking whether to build optimizer debugging code
configure:5212: result: no
configure:5215: checking whether to build parser debugging code
configure:5229: result: no
configure:5410: checking Linux kernel version
configure:5428: result: unknown
configure:5440: checking if if_packet.h has tpacket_stats defined
configure:5463: arm-none-linux-gnueabi-gcc -c -g -O2  conftest.c >&5
configure:5466: $? = 0
configure:5469: test -s conftest.o
configure:5472: $? = 0
configure:5484: result: yes
configure:5512: checking whether we have /proc/net/dev
configure:5526: result: yes
configure:5607: checking whether we have DAG API headers
configure:5630: result: no (/usr/local/include)
configure:5886: checking whether we have Septel API
configure:5911: result: no
configure:5954: checking for flex
configure:5970: found /usr/bin/flex
configure:5980: result: flex
configure:5994: checking for flex 2.4 or higher
configure:6006: result: yes
configure:6022: checking for bison
configure:6038: found /usr/bin/bison
configure:6048: result: bison
configure:6207: checking for arm-none-linux-gnueabi-ranlib
configure:6223: found /home/xxha/cross_compile/gcc-4.1.2-glibc-2.5-nptl-3/arm-none-linux-gnueabi/bin//arm-none-linux-gnueabi-ranlib
configure:6233: result: arm-none-linux-gnueabi-ranlib
configure:6326: checking if sockaddr struct has sa_len member
configure:6350: arm-none-linux-gnueabi-gcc -c -g -O2  conftest.c >&5
configure: In function 'main':
configure:6368: error: 'struct sockaddr' has no member named 'sa_len'
configure:6353: $? = 1
configure: failed program was:
| #line 6331 "configure"
| /* confdefs.h.  */
| 
| #define PACKAGE_NAME ""
| #define PACKAGE_TARNAME ""
| #define PACKAGE_VERSION ""
| #define PACKAGE_STRING ""
| #define PACKAGE_BUGREPORT ""
| #define inline inline
| #define HAVE___ATTRIBUTE__ 1
| #define STDC_HEADERS 1
| #define HAVE_SYS_TYPES_H 1
| #define HAVE_SYS_STAT_H 1
| #define HAVE_STDLIB_H 1
| #define HAVE_STRING_H 1
| #define HAVE_MEMORY_H 1
| #define HAVE_STRINGS_H 1
| #define HAVE_INTTYPES_H 1
| #define HAVE_STDINT_H 1
| #define HAVE_UNISTD_H 1
| #define HAVE_LIMITS_H 1
| #define HAVE_NETINET_IF_ETHER_H 1
| #define HAVE_STRERROR 1
| #define HAVE_VSNPRINTF 1
| #define HAVE_SNPRINTF 1
| #define HAVE_ETHER_HOSTTON 1
| #define HAVE_NETINET_ETHER_H 1
| #define NETINET_ETHER_H_DECLARES_ETHER_HOSTTON
| #define HAVE_DECL_ETHER_HOSTTON 1
| #define HAVE_TPACKET_STATS 1
| #define HAVE_PROC_NET_DEV 1
| /* end confdefs.h.  */
| 
| #	include <sys/types.h>
| #	include <sys/socket.h>
| int
| main ()
| {
| u_int i = sizeof(((struct sockaddr *)0)->sa_len)
|   ;
|   return 0;
| }
configure:6371: result: no
configure:6381: checking if sockaddr_storage struct exists
configure:6405: arm-none-linux-gnueabi-gcc -c -g -O2  conftest.c >&5
configure:6408: $? = 0
configure:6411: test -s conftest.o
configure:6414: $? = 0
configure:6426: result: yes
configure:6436: checking if dl_hp_ppa_info_t struct has dl_module_id_1 member
configure:6461: arm-none-linux-gnueabi-gcc -c -g -O2  conftest.c >&5
configure:6475:23: error: sys/dlpi.h: No such file or directory
configure:6476:27: error: sys/dlpi_ext.h: No such file or directory
configure: In function 'main':
configure:6480: error: 'dl_hp_ppa_info_t' undeclared (first use in this function)
configure:6480: error: (Each undeclared identifier is reported only once
configure:6480: error: for each function it appears in.)
configure:6480: error: expected expression before ')' token
configure:6464: $? = 1
configure: failed program was:
| #line 6441 "configure"
| /* confdefs.h.  */
| 
| #define PACKAGE_NAME ""
| #define PACKAGE_TARNAME ""
| #define PACKAGE_VERSION ""
| #define PACKAGE_STRING ""
| #define PACKAGE_BUGREPORT ""
| #define inline inline
| #define HAVE___ATTRIBUTE__ 1
| #define STDC_HEADERS 1
| #define HAVE_SYS_TYPES_H 1
| #define HAVE_SYS_STAT_H 1
| #define HAVE_STDLIB_H 1
| #define HAVE_STRING_H 1
| #define HAVE_MEMORY_H 1
| #define HAVE_STRINGS_H 1
| #define HAVE_INTTYPES_H 1
| #define HAVE_STDINT_H 1
| #define HAVE_UNISTD_H 1
| #define HAVE_LIMITS_H 1
| #define HAVE_NETINET_IF_ETHER_H 1
| #define HAVE_STRERROR 1
| #define HAVE_VSNPRINTF 1
| #define HAVE_SNPRINTF 1
| #define HAVE_ETHER_HOSTTON 1
| #define HAVE_NETINET_ETHER_H 1
| #define NETINET_ETHER_H_DECLARES_ETHER_HOSTTON
| #define HAVE_DECL_ETHER_HOSTTON 1
| #define HAVE_TPACKET_STATS 1
| #define HAVE_PROC_NET_DEV 1
| #define HAVE_SOCKADDR_STORAGE 1
| /* end confdefs.h.  */
| 
| #	include <sys/types.h>
| #	include <sys/dlpi.h>
| #	include <sys/dlpi_ext.h>
| int
| main ()
| {
| u_int i = sizeof(((dl_hp_ppa_info_t *)0)->dl_module_id_1)
|   ;
|   return 0;
| }
configure:6482: result: no
configure:6492: checking if unaligned accesses fail
configure:6579: result: yes
configure:6626: checking for a BSD-compatible install
configure:6680: result: /usr/bin/install -c
configure:6791: creating ./config.status

## ---------------------- ##
## Running config.status. ##
## ---------------------- ##

This file was extended by config.status, which was
generated by GNU Autoconf 2.57.  Invocation command line was

  CONFIG_FILES    = 
  CONFIG_HEADERS  = 
  CONFIG_LINKS    = 
  CONFIG_COMMANDS = 
  $ ./config.status 

on xxha-PAF4

config.status:641: creating Makefile
config.status:745: creating config.h

## ---------------- ##
## Cache variables. ##
## ---------------- ##

ac_cv___attribute__=yes
ac_cv_build=i686-pc-linux-gnu
ac_cv_build_alias=i686-pc-linux-gnu
ac_cv_c_compiler_gnu=yes
ac_cv_env_CC_set=
ac_cv_env_CC_value=
ac_cv_env_CFLAGS_set=
ac_cv_env_CFLAGS_value=
ac_cv_env_CPPFLAGS_set=
ac_cv_env_CPPFLAGS_value=
ac_cv_env_CPP_set=
ac_cv_env_CPP_value=
ac_cv_env_LDFLAGS_set=
ac_cv_env_LDFLAGS_value=
ac_cv_env_build_alias_set=
ac_cv_env_build_alias_value=
ac_cv_env_host_alias_set=set
ac_cv_env_host_alias_value=arm-none-linux-gnueabi
ac_cv_env_target_alias_set=
ac_cv_env_target_alias_value=
ac_cv_exeext=
ac_cv_func_ether_hostton=yes
ac_cv_func_getifaddrs=yes
ac_cv_func_snprintf=yes
ac_cv_func_strerror=yes
ac_cv_func_strlcpy=no
ac_cv_func_vsnprintf=yes
ac_cv_have_decl_ether_hostton=yes
ac_cv_header_ifaddrs_h=yes
ac_cv_header_inttypes_h=yes
ac_cv_header_limits_h=yes
ac_cv_header_memory_h=yes
ac_cv_header_netinet_ether_h=yes
ac_cv_header_netinet_if_ether_h=yes
ac_cv_header_stdc=yes
ac_cv_header_stdint_h=yes
ac_cv_header_stdlib_h=yes
ac_cv_header_string_h=yes
ac_cv_header_strings_h=yes
ac_cv_header_sys_ioccom_h=no
ac_cv_header_sys_sockio_h=no
ac_cv_header_sys_stat_h=yes
ac_cv_header_sys_types_h=yes
ac_cv_header_unistd_h=yes
ac_cv_host=arm-none-linux-gnueabi
ac_cv_host_alias=arm-none-linux-gnueabi
ac_cv_lbl_dag_api=no
ac_cv_lbl_dl_hp_ppa_info_t_has_dl_module_id_1=no
ac_cv_lbl_flex_v24=yes
ac_cv_lbl_gcc_fixincludes=yes
ac_cv_lbl_gcc_vers=4
ac_cv_lbl_has_sockaddr_storage=yes
ac_cv_lbl_have_u_int16_t=yes
ac_cv_lbl_have_u_int32_t=yes
ac_cv_lbl_have_u_int8_t=yes
ac_cv_lbl_inline=inline
ac_cv_lbl_proc_net_dev=yes
ac_cv_lbl_septel_api=no
ac_cv_lbl_sockaddr_has_sa_len=no
ac_cv_lbl_tpacket_stats=yes
ac_cv_lbl_unaligned_fail=yes
ac_cv_linux_vers=unknown
ac_cv_objext=o
ac_cv_path_install='/usr/bin/install -c'
ac_cv_prog_CC=arm-none-linux-gnueabi-gcc
ac_cv_prog_CPP='arm-none-linux-gnueabi-gcc -E'
ac_cv_prog_RANLIB=arm-none-linux-gnueabi-ranlib
ac_cv_prog_V_LEX=flex
ac_cv_prog_V_YACC=bison
ac_cv_prog_cc_g=yes
ac_cv_prog_cc_stdc=
ac_cv_prog_egrep='grep -E'
ac_cv_search_gethostbyname='none required'
ac_cv_search_putmsg='none required'
ac_cv_search_socket='none required'
ac_cv_target=arm-none-linux-gnueabi
ac_cv_target_alias=arm-none-linux-gnueabi

## ----------------- ##
## Output variables. ##
## ----------------- ##

CC='arm-none-linux-gnueabi-gcc'
CFLAGS='-g -O2'
CPP='arm-none-linux-gnueabi-gcc -E'
CPPFLAGS=''
DEFS='-DHAVE_CONFIG_H'
DYEXT='so'
ECHO_C=''
ECHO_N='-n'
ECHO_T=''
EGREP='grep -E'
EXEEXT=''
INSTALL_DATA='${INSTALL} -m 644'
INSTALL_PROGRAM='${INSTALL}'
INSTALL_SCRIPT='${INSTALL}'
LDFLAGS=''
LIBOBJS=''
LIBS=''
LTLIBOBJS=''
OBJEXT='o'
PACKAGE_BUGREPORT=''
PACKAGE_NAME=''
PACKAGE_STRING=''
PACKAGE_TARNAME=''
PACKAGE_VERSION=''
PATH_SEPARATOR=':'
RANLIB='arm-none-linux-gnueabi-ranlib'
SHELL='/bin/sh'
SHLICC2=''
SSRC=''
V_CCOPT='-O2'
V_DEFS=' -D_U_="__attribute__((unused))"'
V_FINDALLDEVS='getad'
V_INCLS=''
V_LEX='flex -Ppcap_'
V_LIBS=''
V_PCAP='linux'
V_RANLIB=''
V_YACC='bison -y -p pcap_'
ac_ct_CC=''
ac_ct_RANLIB=''
bindir='${exec_prefix}/bin'
build='i686-pc-linux-gnu'
build_alias=''
build_cpu='i686'
build_os='linux-gnu'
build_vendor='pc'
datadir='${prefix}/share'
exec_prefix='${prefix}'
host='arm-none-linux-gnueabi'
host_alias='arm-none-linux-gnueabi'
host_cpu='arm'
host_os='linux-gnueabi'
host_vendor='none'
includedir='${prefix}/include'
infodir='${prefix}/info'
libdir='${exec_prefix}/lib'
libexecdir='${exec_prefix}/libexec'
localstatedir='${prefix}/var'
mandir='${prefix}/man'
oldincludedir='/usr/include'
prefix='/usr/local'
program_transform_name='s,x,x,'
sbindir='${exec_prefix}/sbin'
sharedstatedir='${prefix}/com'
sysconfdir='${prefix}/etc'
target='arm-none-linux-gnueabi'
target_alias=''
target_cpu='arm'
target_os='linux-gnueabi'
target_vendor='none'

## ----------- ##
## confdefs.h. ##
## ----------- ##

#define HAVE_DECL_ETHER_HOSTTON 1
#define HAVE_ETHER_HOSTTON 1
#define HAVE_INTTYPES_H 1
#define HAVE_LIMITS_H 1
#define HAVE_MEMORY_H 1
#define HAVE_NETINET_ETHER_H 1
#define HAVE_NETINET_IF_ETHER_H 1
#define HAVE_PROC_NET_DEV 1
#define HAVE_SNPRINTF 1
#define HAVE_SOCKADDR_STORAGE 1
#define HAVE_STDINT_H 1
#define HAVE_STDLIB_H 1
#define HAVE_STRERROR 1
#define HAVE_STRINGS_H 1
#define HAVE_STRING_H 1
#define HAVE_SYS_STAT_H 1
#define HAVE_SYS_TYPES_H 1
#define HAVE_TPACKET_STATS 1
#define HAVE_UNISTD_H 1
#define HAVE_VERSION_H 1
#define HAVE_VSNPRINTF 1
#define HAVE___ATTRIBUTE__ 1
#define LBL_ALIGN 1
#define NETINET_ETHER_H_DECLARES_ETHER_HOSTTON
#define PACKAGE_BUGREPORT ""
#define PACKAGE_NAME ""
#define PACKAGE_STRING ""
#define PACKAGE_TARNAME ""
#define PACKAGE_VERSION ""
#define STDC_HEADERS 1
#define inline inline

configure: exit 0
